<?xml version="1.0" encoding="UTF-8"?>
<testng-results ignored="0" total="1" passed="1" failed="0" skipped="0">
  <reporter-output>
  </reporter-output>
  <suite started-at="2024-04-05T11:46:00 IST" name="Default suite" finished-at="2024-04-05T11:46:08 IST" duration-ms="8617">
    <groups>
      <group name="cucumber">
        <method signature="AbstractTestNGCucumberTests.runScenario(io.cucumber.testng.PickleWrapper, io.cucumber.testng.FeatureWrapper)[pri:0, instance:runnerTestNG.RunnerTestNG@3ce1e309]" name="runScenario" class="io.cucumber.testng.AbstractTestNGCucumberTests"/>
      </group> <!-- cucumber -->
    </groups>
    <test started-at="2024-04-05T11:46:00 IST" name="Default test" finished-at="2024-04-05T11:46:08 IST" duration-ms="8617">
      <class name="runnerTestNG.RunnerTestNG">
        <test-method is-config="true" signature="setUpClass()[pri:0, instance:runnerTestNG.RunnerTestNG@3ce1e309]" started-at="2024-04-05T11:46:00 IST" name="setUpClass" finished-at="2024-04-05T11:46:00 IST" duration-ms="351" status="PASS">
          <reporter-output>
          </reporter-output>
        </test-method> <!-- setUpClass -->
        <test-method signature="runScenario(io.cucumber.testng.PickleWrapper, io.cucumber.testng.FeatureWrapper)[pri:0, instance:runnerTestNG.RunnerTestNG@3ce1e309]" started-at="2024-04-05T11:46:00 IST" name="runScenario" description="Runs Cucumber Scenarios" data-provider="scenarios" finished-at="2024-04-05T11:46:08 IST" duration-ms="8170" status="PASS">
          <params>
            <param index="0">
              <value>
                <![CDATA["To validate textbox functionalities"]]>
              </value>
            </param>
            <param index="1">
              <value>
                <![CDATA["Optional[Simple From]"]]>
              </value>
            </param>
          </params>
          <reporter-output>
          </reporter-output>
        </test-method> <!-- runScenario -->
        <test-method is-config="true" signature="tearDownClass()[pri:0, instance:runnerTestNG.RunnerTestNG@3ce1e309]" started-at="2024-04-05T11:46:08 IST" name="tearDownClass" finished-at="2024-04-05T11:46:08 IST" duration-ms="39" status="PASS">
          <reporter-output>
          </reporter-output>
        </test-method> <!-- tearDownClass -->
      </class> <!-- runnerTestNG.RunnerTestNG -->
    </test> <!-- Default test -->
  </suite> <!-- Default suite -->
</testng-results>
